<?xml version="1.0" encoding="UTF-8"?>
<!-- Generated by org.testng.reporters.JUnitReportReporter -->
<testsuite skipped="0" hostname="DESKTOP-5OR1JQH" name="restAssured_Sheetal.Video15_BasicAndDigestiveAuthentications" tests="1" failures="0" timestamp="2019-12-22T10:01:28 IST" time="1.587" errors="0">
  <testcase name="testBasicAuthentication" time="1.587" classname="restAssured_Sheetal.Video15_BasicAndDigestiveAuthentications"/>
</testsuite> <!-- restAssured_Sheetal.Video15_BasicAndDigestiveAuthentications -->
