<?xml version="1.0" encoding="UTF-8"?>
<!-- Generated by org.testng.reporters.JUnitReportReporter -->
<testsuite skipped="0" hostname="DESKTOP-5OR1JQH" name="restAssured_Sheetal.Video5_SetRequestData2" tests="2" failures="0" timestamp="2019-12-17T16:30:00 IST" time="5.814" errors="0">
  <testcase name="testSetHeaders" time="3.835" classname="restAssured_Sheetal.Video5_SetRequestData2"/>
  <testcase name="testSetContentType" time="1.979" classname="restAssured_Sheetal.Video5_SetRequestData2"/>
</testsuite> <!-- restAssured_Sheetal.Video5_SetRequestData2 -->
