<?xml version="1.0" encoding="UTF-8"?>
<!-- Generated by org.testng.reporters.JUnitReportReporter -->
<testsuite skipped="0" hostname="DESKTOP-5OR1JQH" name="restAssured_Sheetal.Video13a_Serialization" tests="1" failures="0" timestamp="2019-12-21T20:23:00 IST" time="2.333" errors="0">
  <testcase name="testSerializationUsingExplicitSerializer" time="2.333" classname="restAssured_Sheetal.Video13a_Serialization"/>
</testsuite> <!-- restAssured_Sheetal.Video13a_Serialization -->
