<?xml version="1.0" encoding="UTF-8"?>
<!-- Generated by org.testng.reporters.JUnitReportReporter -->
<testsuite skipped="0" hostname="DESKTOP-5OR1JQH" name="getRequest.GetData_Modified" tests="2" failures="0" timestamp="2019-12-14T08:08:49 IST" time="6.040" errors="0">
  <testcase name="testResponseCode" time="4.556" classname="getRequest.GetData_Modified"/>
  <testcase name="testResponseString" time="1.484" classname="getRequest.GetData_Modified"/>
</testsuite> <!-- getRequest.GetData_Modified -->
