<?xml version="1.0" encoding="UTF-8"?>
<!-- Generated by org.testng.reporters.JUnitReportReporter -->
<testsuite skipped="0" hostname="DESKTOP-5OR1JQH" name="restAssured_Sheetal.Test1_BasicFeaturesForXML" tests="1" failures="0" timestamp="2019-12-14T16:17:33 IST" time="1.780" errors="0">
  <testcase name="testUsingXpath2" time="1.780" classname="restAssured_Sheetal.Test1_BasicFeaturesForXML"/>
</testsuite> <!-- restAssured_Sheetal.Test1_BasicFeaturesForXML -->
