<?xml version="1.0" encoding="UTF-8"?>
<!-- Generated by org.testng.reporters.JUnitReportReporter -->
<testsuite skipped="0" hostname="DESKTOP-5OR1JQH" name="restAssured_Sheetal.Video14_Parser" tests="1" failures="0" timestamp="2019-12-22T09:11:26 IST" time="3.016" errors="0">
  <testcase name="testDefaultParser2" time="3.016" classname="restAssured_Sheetal.Video14_Parser"/>
</testsuite> <!-- restAssured_Sheetal.Video14_Parser -->
