<?xml version="1.0" encoding="UTF-8"?>
<!-- Generated by org.testng.reporters.JUnitReportReporter -->
<testsuite skipped="0" hostname="DESKTOP-5OR1JQH" name="restAssured_Sheetal.Video4b_GetHeadersAndCookies" tests="1" failures="0" timestamp="2019-12-17T16:00:46 IST" time="2.606" errors="0">
  <testcase name="testResponseHeaders" time="2.606" classname="restAssured_Sheetal.Video4b_GetHeadersAndCookies"/>
</testsuite> <!-- restAssured_Sheetal.Video4b_GetHeadersAndCookies -->
