<?xml version="1.0" encoding="UTF-8"?>
<!-- Generated by org.testng.reporters.JUnitReportReporter -->
<testsuite skipped="0" hostname="DESKTOP-5OR1JQH" name="restAssured_Sheetal.Video10_LoggingInRestAssured" tests="1" failures="0" timestamp="2019-12-17T19:12:29 IST" time="1.886" errors="0">
  <testcase name="testLogging2" time="1.886" classname="restAssured_Sheetal.Video10_LoggingInRestAssured"/>
</testsuite> <!-- restAssured_Sheetal.Video10_LoggingInRestAssured -->
