<?xml version="1.0" encoding="UTF-8"?>
<!-- Generated by org.testng.reporters.JUnitReportReporter -->
<testsuite skipped="0" hostname="DESKTOP-5OR1JQH" name="restAssured_Sheetal.Video3_GroovyFeatures" tests="1" failures="0" timestamp="2019-12-16T10:59:00 IST" time="2.230" errors="0">
  <testcase name="testLengthOfResponse" time="2.230" classname="restAssured_Sheetal.Video3_GroovyFeatures"/>
</testsuite> <!-- restAssured_Sheetal.Video3_GroovyFeatures -->
