<?xml version="1.0" encoding="UTF-8"?>
<!-- Generated by org.testng.reporters.JUnitReportReporter -->
<testsuite skipped="0" hostname="DESKTOP-5OR1JQH" name="restAssured_Sheetal.Test1_BasicFeatures" tests="1" failures="0" timestamp="2019-12-14T16:01:52 IST" time="2.331" errors="0">
  <testcase name="testAndFeatureForReadability" time="2.331" classname="restAssured_Sheetal.Test1_BasicFeatures"/>
</testsuite> <!-- restAssured_Sheetal.Test1_BasicFeatures -->
