<?xml version="1.0" encoding="UTF-8"?>
<!-- Generated by org.testng.reporters.JUnitReportReporter -->
<testsuite skipped="0" hostname="DESKTOP-5OR1JQH" name="restAssured_Sheetal.Video2_PostRequest" tests="1" failures="0" timestamp="2019-12-22T10:00:33 IST" time="2.769" errors="0">
  <testcase name="testPostReq" time="2.769" classname="restAssured_Sheetal.Video2_PostRequest"/>
</testsuite> <!-- restAssured_Sheetal.Video2_PostRequest -->
