<?xml version="1.0" encoding="UTF-8"?>
<!-- Generated by org.testng.reporters.JUnitReportReporter -->
<testsuite skipped="0" hostname="DESKTOP-5OR1JQH" name="restAssured_Sheetal.Video5_SetRequestData" tests="1" failures="0" timestamp="2019-12-17T15:48:57 IST" time="1.859" errors="0">
  <testcase name="testSetMultipleValueParameters" time="1.859" classname="restAssured_Sheetal.Video5_SetRequestData"/>
</testsuite> <!-- restAssured_Sheetal.Video5_SetRequestData -->
