<?xml version="1.0" encoding="UTF-8"?>
<!-- Generated by org.testng.reporters.JUnitReportReporter -->
<testsuite skipped="0" hostname="DESKTOP-5OR1JQH" name="restAssured_Sheetal.Video2_SettingRoot" tests="1" failures="0" timestamp="2019-12-14T18:46:12 IST" time="2.732" errors="0">
  <testcase name="testDetachRoot" time="2.732" classname="restAssured_Sheetal.Video2_SettingRoot"/>
</testsuite> <!-- restAssured_Sheetal.Video2_SettingRoot -->
