<?xml version="1.0" encoding="UTF-8"?>
<!-- Generated by org.testng.reporters.JUnitReportReporter -->
<testsuite skipped="0" hostname="DESKTOP-5OR1JQH" name="restAssured_Sheetal.Video2_ReadResponseInDiffWays" tests="1" failures="0" timestamp="2019-12-14T19:12:52 IST" time="3.396" errors="0">
  <testcase name="testExtractDetailsUsingResponse" time="3.396" classname="restAssured_Sheetal.Video2_ReadResponseInDiffWays"/>
</testsuite> <!-- restAssured_Sheetal.Video2_ReadResponseInDiffWays -->
