<?xml version="1.0" encoding="UTF-8"?>
<!-- Generated by org.testng.reporters.JUnitReportReporter -->
<testsuite skipped="0" hostname="DESKTOP-5OR1JQH" name="restAssured_Sheetal.Video7_VerifyResponse" tests="1" failures="0" timestamp="2019-12-17T19:03:28 IST" time="2.052" errors="0">
  <testcase name="testBodyParametersInResponse" time="2.052" classname="restAssured_Sheetal.Video7_VerifyResponse"/>
</testsuite> <!-- restAssured_Sheetal.Video7_VerifyResponse -->
