<?xml version="1.0" encoding="UTF-8"?>
<!-- Generated by org.testng.reporters.JUnitReportReporter -->
<testsuite skipped="0" hostname="DESKTOP-5OR1JQH" name="restAssured_Sheetal.Video4a_JsonPath" tests="1" failures="0" timestamp="2019-12-16T14:13:18 IST" time="3.095" errors="0">
  <testcase name="testJsonPath2" time="3.095" classname="restAssured_Sheetal.Video4a_JsonPath"/>
</testsuite> <!-- restAssured_Sheetal.Video4a_JsonPath -->
