<?xml version="1.0" encoding="UTF-8"?>
<!-- Generated by org.testng.reporters.JUnitReportReporter -->
<testsuite skipped="0" hostname="DESKTOP-5OR1JQH" name="getRequest.GetData" tests="2" failures="0" timestamp="2019-12-14T08:00:22 IST" time="5.586" errors="0">
  <testcase name="testResponseString" time="1.906" classname="getRequest.GetData"/>
  <testcase name="testResponseCode" time="3.680" classname="getRequest.GetData"/>
</testsuite> <!-- getRequest.GetData -->
