<?xml version="1.0" encoding="UTF-8"?>
<!-- Generated by org.testng.reporters.JUnitReportReporter -->
<testsuite skipped="0" hostname="DESKTOP-5OR1JQH" name="restAssured_Sheetal.Video3_SchemaCheck" tests="1" failures="0" timestamp="2019-12-16T10:48:36 IST" time="2.847" errors="0">
  <testcase name="testSchema" time="2.847" classname="restAssured_Sheetal.Video3_SchemaCheck"/>
</testsuite> <!-- restAssured_Sheetal.Video3_SchemaCheck -->
