<?xml version="1.0" encoding="UTF-8"?>
<!-- Generated by org.testng.reporters.JUnitReportReporter -->
<testsuite skipped="0" hostname="DESKTOP-5OR1JQH" name="restAssured_Sheetal.Video9a_ResponseSpecBuilder" tests="2" failures="0" timestamp="2019-12-18T08:18:48 IST" time="1.543" errors="0">
  <testcase name="testResponse1" time="1.316" classname="restAssured_Sheetal.Video9a_ResponseSpecBuilder"/>
  <testcase name="testResponse2" time="0.227" classname="restAssured_Sheetal.Video9a_ResponseSpecBuilder"/>
</testsuite> <!-- restAssured_Sheetal.Video9a_ResponseSpecBuilder -->
