<?xml version="1.0" encoding="UTF-8"?>
<!-- Generated by org.testng.reporters.JUnitReportReporter -->
<testsuite skipped="0" hostname="DESKTOP-5OR1JQH" name="restAssured_Sheetal.Video12_HandlingSSL_TLS" tests="1" failures="0" timestamp="2019-12-21T19:02:00 IST" time="3.503" errors="0">
  <testcase name="test2" time="3.503" classname="restAssured_Sheetal.Video12_HandlingSSL_TLS"/>
</testsuite> <!-- restAssured_Sheetal.Video12_HandlingSSL_TLS -->
