<?xml version="1.0" encoding="UTF-8"?>
<!-- Generated by org.testng.reporters.JUnitReportReporter -->
<testsuite skipped="0" hostname="DESKTOP-5OR1JQH" name="restAssured_Sheetal.Video2_PostRequest" tests="1" failures="0" timestamp="2019-12-14T18:49:55 IST" time="3.094" errors="0">
  <testcase name="testPostReq" time="3.094" classname="restAssured_Sheetal.Video2_PostRequest"/>
</testsuite> <!-- restAssured_Sheetal.Video2_PostRequest -->
