<?xml version="1.0" encoding="UTF-8"?>
<!-- Generated by org.testng.reporters.JUnitReportReporter -->
<testsuite skipped="0" hostname="DESKTOP-5OR1JQH" name="restAssured_Sheetal.Video11_TimeMeasurement" tests="1" failures="0" timestamp="2019-12-17T19:33:23 IST" time="1.464" errors="0">
  <testcase name="testResponseTimeAssertion" time="1.464" classname="restAssured_Sheetal.Video11_TimeMeasurement"/>
</testsuite> <!-- restAssured_Sheetal.Video11_TimeMeasurement -->
