<?xml version="1.0" encoding="UTF-8"?>
<!-- Generated by org.testng.reporters.JUnitReportReporter -->
<testsuite skipped="0" hostname="DESKTOP-5OR1JQH" name="restAssured_Sheetal.Video11_BeforeClass" tests="2" failures="0" timestamp="2019-12-17T19:57:38 IST" time="2.051" errors="0">
  <testcase name="test1" time="1.620" classname="restAssured_Sheetal.Video11_BeforeClass"/>
  <testcase name="test2" time="0.431" classname="restAssured_Sheetal.Video11_BeforeClass"/>
</testsuite> <!-- restAssured_Sheetal.Video11_BeforeClass -->
